<?xml version="1.0" encoding="UTF-8"?>
<!-- Generated by org.testng.reporters.JUnitXMLReporter -->
<testsuite hostname="DESKTOP-0TH5CHR" ignored="0" tests="0" failures="0" timestamp="2020-06-29T15:34:02 IST" time="0.359" errors="0">
  <testcase name="@BeforeTest steup" time="0.319" classname="TESTNG.Login">
    <failure type="java.lang.IllegalStateException" message="The driver executable does not exist: E:\Test\AutomationTESTNG1\src\test\resources\Chrome.chromedriver.exe">
      <![CDATA[java.lang.IllegalStateException: The driver executable does not exist: E:\Test\AutomationTESTNG1\src\test\resources\Chrome.chromedriver.exe
at com.google.common.base.Preconditions.checkState(Preconditions.java:585)
at org.openqa.selenium.remote.service.DriverService.checkExecutable(DriverService.java:146)
at org.openqa.selenium.remote.service.DriverService.findExecutable(DriverService.java:141)
at org.openqa.selenium.chrome.ChromeDriverService.access$000(ChromeDriverService.java:35)
at org.openqa.selenium.chrome.ChromeDriverService$Builder.findDefaultExecutable(ChromeDriverService.java:159)
at org.openqa.selenium.remote.service.DriverService$Builder.build(DriverService.java:355)
at org.openqa.selenium.chrome.ChromeDriverService.createDefaultService(ChromeDriverService.java:94)
at org.openqa.selenium.chrome.ChromeDriver.<init>(ChromeDriver.java:123)
at TESTNG.Login.steup(Login.java:17)
... Removed 24 stack frames]]>
    </failure>
  </testcase> <!-- @BeforeTest steup -->
  <testcase name="@AfterTest tearDown" time="-1.593425042761E9" classname="TESTNG.Login">
    <skipped/>
  </testcase> <!-- @AfterTest tearDown -->
</testsuite>
